---------------------------------------------------------------------------------------------------------------------------------------------------
      name:  <unnamed>
       log:  C:/Users/Daniel and Carla/Dropbox/projects/predictingGentrification/build/code/logFiles/build18_Nov_2017_20_15_32.log
  log type:  text
 opened on:  18 Nov 2017, 20:15:32
    --------------------------------------------------------------------------------------------------------------------------------- end paths ---
  - cleanNHGIS, county("San Francisco County")
    -------------------------------------------------------------------------------------------------------------------------- begin cleanNHGIS ---
    - syntax[, county(string)]
    - tempfile household race housing incomeEducation age
    - import delimited "$dataRAW/NHGIS/nhgis0013_csv/nhgis0013_ds172_2010_tract.csv", clear
    = import delimited "C:/Users/Daniel and Carla/Dropbox/projects/predictingGentrification/build/dataRAW//NHGIS/nhgis0013_csv/nhgis0013_ds172_2010
> _tract.csv", clear
(98 vars, 74002 obs)
    - keep if state == "California"
(65,945 observations deleted)
    - keep if county == "`county'"
    = keep if county == "San Francisco County"
(7,860 observations deleted)
    - rename tracta tractID
    - rename h76001 totalPop
    - egen under18 = rowtotal(h76003-h76006 h76027-h76030)
    - egen age18_29 = rowtotal(h76007-h76011 h76031-h76035)
    - egen age30_44 = rowtotal(h76012-h76014 h76036-h76038)
    - egen age44_64 = rowtotal(h76015-h76019 h76039-h76043)
    - egen age65plus = rowtotal(h76020-h76025 h76044-h76049)
    - keep tractID under18 age18_29 age30_44 age44_64 age65plus
    ---------------------------------------------------------------------------------------------------------------------------- end cleanNHGIS ---
  ------------------------------------------------------------------------------------------------------------------------------------ end main ---

. //main program
. log close
      name:  <unnamed>
       log:  C:/Users/Daniel and Carla/Dropbox/projects/predictingGentrification/build/code/logFiles/build18_Nov_2017_20_15_32.log
  log type:  text
 closed on:  18 Nov 2017, 20:15:33
---------------------------------------------------------------------------------------------------------------------------------------------------
