--------------------------------------------------------------------------------------------------------------------------------------------------------------------------------------------
      name:  <unnamed>
       log:  C:/Users/Daniel and Carla/Dropbox/projects/predictingGentrification/build/code/logFiles/build18_Nov_2017_20_35_15.log
  log type:  text
 opened on:  18 Nov 2017, 20:35:15
    -------------------------------------------------------------------------------------------------------------------------------------------------------------------------- end paths ---
  - cleanCrosswalk
    --------------------------------------------------------------------------------------------------------------------------------------------------------------- begin cleanCrosswalk ---
    - import delimited "$dataRAW/crosswalks/redfin_censustracts.csv", clear
    = import delimited "C:/Users/Daniel and Carla/Dropbox/projects/predictingGentrification/build/dataRAW//crosswalks/redfin_censustracts.csv", clear
(11 vars, 68 obs)
    ----------------------------------------------------------------------------------------------------------------------------------------------------------------- end cleanCrosswalk ---
  ----------------------------------------------------------------------------------------------------------------------------------------------------------------------------- end main ---

. //main program
. log close
      name:  <unnamed>
       log:  C:/Users/Daniel and Carla/Dropbox/projects/predictingGentrification/build/code/logFiles/build18_Nov_2017_20_35_15.log
  log type:  text
 closed on:  18 Nov 2017, 20:35:15
--------------------------------------------------------------------------------------------------------------------------------------------------------------------------------------------
