--------------------------------------------------------------------------------------------------------------------------------------------------------------------------------------------
      name:  <unnamed>
       log:  C:/Users/Daniel and Carla/Dropbox/projects/predictingGentrification/build/code/logFiles/build18_Nov_2017_20_38_38.log
  log type:  text
 opened on:  18 Nov 2017, 20:38:38
    -------------------------------------------------------------------------------------------------------------------------------------------------------------------------- end paths ---
  - cleanCrosswalk
    --------------------------------------------------------------------------------------------------------------------------------------------------------------- begin cleanCrosswalk ---
    - import delimited "$dataRAW/crosswalks/redfin_censustracts.csv", clear
    = import delimited "C:/Users/Daniel and Carla/Dropbox/projects/predictingGentrification/build/dataRAW//crosswalks/redfin_censustracts.csv", clear
(11 vars, 68 obs)
    - drop if id == 123
(1 observation deleted)
    - rename censustract ct1
    - rename (v4-v11) (c12 ct13 ct14 ct15 ct16 ct17 ct18 ct19)
    ----------------------------------------------------------------------------------------------------------------------------------------------------------------- end cleanCrosswalk ---
  ----------------------------------------------------------------------------------------------------------------------------------------------------------------------------- end main ---

. //main program
. log close
      name:  <unnamed>
       log:  C:/Users/Daniel and Carla/Dropbox/projects/predictingGentrification/build/code/logFiles/build18_Nov_2017_20_38_38.log
  log type:  text
 closed on:  18 Nov 2017, 20:38:38
--------------------------------------------------------------------------------------------------------------------------------------------------------------------------------------------
