---------------------------------------------------------------------------------------------------------------------------------------------------
      name:  <unnamed>
       log:  C:/Users/Daniel and Carla/Dropbox/projects/predictingGentrification/build/code/logFiles/build18_Nov_2017_18_18_11.log
  log type:  text
 opened on:  18 Nov 2017, 18:18:11
    --------------------------------------------------------------------------------------------------------------------------------- end paths ---
  - cleanNHGIS
    -------------------------------------------------------------------------------------------------------------------------- begin cleanNHGIS ---
    - import delimited "$dataRAW/NHGIS/nhgis0013_csv/nhgis0013_ds173_2010_tract.csv", clear
    = import delimited "C:/Users/Daniel and Carla/Dropbox/projects/predictingGentrification/build/dataRAW//NHGIS/nhgis0013_csv/nhgis0013_ds173_2010
> _tract.csv", clear
(69 vars, 74002 obs)
    ---------------------------------------------------------------------------------------------------------------------------- end cleanNHGIS ---
  ------------------------------------------------------------------------------------------------------------------------------------ end main ---

. //main program
. log close
      name:  <unnamed>
       log:  C:/Users/Daniel and Carla/Dropbox/projects/predictingGentrification/build/code/logFiles/build18_Nov_2017_18_18_11.log
  log type:  text
 closed on:  18 Nov 2017, 18:18:13
---------------------------------------------------------------------------------------------------------------------------------------------------
