------------------------------------------------------------------------------------------------------
      name:  <unnamed>
       log:  C:/Users/Daniel and Carla/Dropbox/projects/predictingGentrification/build/code/logFiles/b
> uild18_Nov_2017_20_43_49.log
  log type:  text
 opened on:  18 Nov 2017, 20:43:49
    ------------------------------------------------------------------------------------ end paths ---
  - cleanCrosswalk
    ------------------------------------------------------------------------- begin cleanCrosswalk ---
    - import delimited "$dataRAW/crosswalks/redfin_censustracts.csv", clear
    = import delimited "C:/Users/Daniel and Carla/Dropbox/projects/predictingGentrification/build/data
> RAW//crosswalks/redfin_censustracts.csv", clear
(11 vars, 68 obs)
    - drop if id == 123
(1 observation deleted)
    - rename censustract ct1
    - rename (v4-v11) (ct12 ct13 ct14 ct15 ct16 ct17 ct18 ct19)
    - reshape long ct, i(id redfin) j(index)
(note: j = 1 12 13 14 15 16 17 18 19)

Data                               wide   ->   long
-----------------------------------------------------------------------------
Number of obs.                       67   ->     603
Number of variables                  11   ->       4
j variable (9 values)                     ->   index
xij variables:
                      ct1 ct12 ... ct19   ->   ct
-----------------------------------------------------------------------------
    - drop index
    - drop if missing(ct)
(409 observations deleted)
    - rename ct tractID
    --------------------------------------------------------------------------- end cleanCrosswalk ---
  --------------------------------------------------------------------------------------- end main ---

. //main program
. log close
      name:  <unnamed>
       log:  C:/Users/Daniel and Carla/Dropbox/projects/predictingGentrification/build/code/logFiles/b
> uild18_Nov_2017_20_43_49.log
  log type:  text
 closed on:  18 Nov 2017, 20:43:49
------------------------------------------------------------------------------------------------------
