------------------------------------------------------------------------------------------------------
      name:  <unnamed>
       log:  C:/Users/Daniel and Carla/Dropbox/projects/predictingGentrification/build/code/logFiles/b
> uild18_Nov_2017_20_55_24.log
  log type:  text
 opened on:  18 Nov 2017, 20:55:24
    ------------------------------------------------------------------------------------ end paths ---
  - mergeCleanData
    ------------------------------------------------------------------------- begin mergeCleanData ---
    - use "$dataCLEAN/redfin_censustractsCLEAN.dta", clear
    = use "C:/Users/Daniel and Carla/Dropbox/projects/predictingGentrification/build/dataCLEAN//redfin
> _censustractsCLEAN.dta", clear
    - merge m:1 tractID using "$dataCLEAN/nhgisVariables.dta"
    = merge m:1 tractID using "C:/Users/Daniel and Carla/Dropbox/projects/predictingGentrification/bui
> ld/dataCLEAN//nhgisVariables.dta"

    Result                           # of obs.
    -----------------------------------------
    not matched                            37
        from master                         0  (_merge==1)
        from using                         37  (_merge==2)

    matched                               194  (_merge==3)
    -----------------------------------------
    --------------------------------------------------------------------------- end mergeCleanData ---
  --------------------------------------------------------------------------------------- end main ---

. //main program
. log close
      name:  <unnamed>
       log:  C:/Users/Daniel and Carla/Dropbox/projects/predictingGentrification/build/code/logFiles/b
> uild18_Nov_2017_20_55_24.log
  log type:  text
 closed on:  18 Nov 2017, 20:55:24
------------------------------------------------------------------------------------------------------
